0 info it worked if it ends with ok
1 verbose cli [ '/usr/local/Cellar/node/7.5.0/bin/node',
1 verbose cli   '/usr/local/bin/npm',
1 verbose cli   'publish' ]
2 info using npm@4.1.2
3 info using node@v7.5.0
4 verbose publish [ '.' ]
5 silly cache add args [ '.', null ]
6 verbose cache add spec .
7 silly cache add parsed spec Result {
7 silly cache add   raw: '.',
7 silly cache add   scope: null,
7 silly cache add   escapedName: null,
7 silly cache add   name: null,
7 silly cache add   rawSpec: '.',
7 silly cache add   spec: '/Users/nedved/Desktop/GFG_ProjectCode/Github_Projects/gfg-nodejs-libary-service-discovery',
7 silly cache add   type: 'directory' }
8 verbose addLocalDirectory /Users/nedved/.npm/gfg-nodejs-libary-service-discovery/0.1.0/package.tgz not in flight; packing
9 verbose correctMkdir /Users/nedved/.npm correctMkdir not in flight; initializing
10 info lifecycle gfg-nodejs-libary-service-discovery@0.1.0~prepublish: gfg-nodejs-libary-service-discovery@0.1.0
11 silly lifecycle gfg-nodejs-libary-service-discovery@0.1.0~prepublish: no script for prepublish, continuing
12 info lifecycle gfg-nodejs-libary-service-discovery@0.1.0~prepare: gfg-nodejs-libary-service-discovery@0.1.0
13 silly lifecycle gfg-nodejs-libary-service-discovery@0.1.0~prepare: no script for prepare, continuing
14 verbose tar pack [ '/Users/nedved/.npm/gfg-nodejs-libary-service-discovery/0.1.0/package.tgz',
14 verbose tar pack   '/Users/nedved/Desktop/GFG_ProjectCode/Github_Projects/gfg-nodejs-libary-service-discovery' ]
15 verbose tarball /Users/nedved/.npm/gfg-nodejs-libary-service-discovery/0.1.0/package.tgz
16 verbose folder /Users/nedved/Desktop/GFG_ProjectCode/Github_Projects/gfg-nodejs-libary-service-discovery
17 verbose addLocalTarball adding from inside cache /Users/nedved/.npm/gfg-nodejs-libary-service-discovery/0.1.0/package.tgz
18 verbose correctMkdir /Users/nedved/.npm correctMkdir not in flight; initializing
19 silly cache afterAdd gfg-nodejs-libary-service-discovery@0.1.0
20 verbose afterAdd /Users/nedved/.npm/gfg-nodejs-libary-service-discovery/0.1.0/package/package.json not in flight; writing
21 verbose correctMkdir /Users/nedved/.npm correctMkdir not in flight; initializing
22 verbose afterAdd /Users/nedved/.npm/gfg-nodejs-libary-service-discovery/0.1.0/package/package.json written
23 silly publish { name: 'gfg-nodejs-libary-service-discovery',
23 silly publish   version: '0.1.0',
23 silly publish   description: 'Discovery service like etcd but implemented with DynamoDB',
23 silly publish   main: 'index.js',
23 silly publish   scripts: { test: 'echo "Error: no test specified" && exit 1' },
23 silly publish   repository:
23 silly publish    { type: 'git',
23 silly publish      url: 'git+https://github.com/GFG/gfg-nodejs-libary-service-discovery.git' },
23 silly publish   keywords: [ 'etcd', 'discovery' ],
23 silly publish   author: { name: 'GFG', email: 'nedved.yang@global-fashion-group' },
23 silly publish   license: 'MIT',
23 silly publish   bugs: { url: 'https://github.com/GFG/gfg-nodejs-libary-service-discovery/issues' },
23 silly publish   homepage: 'https://github.com/GFG/gfg-nodejs-libary-service-discovery',
23 silly publish   dependencies: { 'aws-sdk': '^2.1.36', 'dynamodb-doc': '^1.0.0', q: '^1.4.1' },
23 silly publish   readme: '# Dynamo Discovery Service\n\n> Discovery service like etcd but implemented with DynamoDB\n\n## Installation (not yet available)\n\n```bash\n$ npm install --save dds\n```\n\n## Introduction\n\nAt the AWS Summit in Amsterdam I spoke with [@sebsto](https://twitter.com/sebsto) regarding service discovery. I asked \nhim if `etcd` is a good fit. Besides it probably is a good fit, he came up with an alternative idea. What if `etcd` \nfails because the nodes can\'t find each other?\n\nThe idea is to use `DynamoDB` to keep track of the services. The downside is the extra code you have to write for \neach service. This repo will try to tackle that.\n\n## Usage\n\n### Connecting with DynamoDB\n\n```javascript\nvar dds = require(\'dds\');\n\n// Connect with DynamoDB via the access keys\ndds.connect({\n    accessKeyId: \'myAccessKey\',\n    secretAccessKey: \'mySecretAccessKey\',\n    region: \'eu-west-1\'\n});\n```\n\n### Retrieving a service\n\nBy only providing the name of the service, you will retrieve the latest version of the service.\n\n```javascript\n// Retrieve the latest mongo service\ndds.get(\'mongo\').then(function(mongo) {\n    // Connect with the mongodb service\n}).catch(function(err) {\n    // Handle error\n});\n```\n\nYou can also pass in the version you want to retrieve. You can either specify a specific version, or a non-specific version.\n\n```javascript\n// Retrieve a specific mongo service\ndds.get(\'mongo\', \'1.2\').then(function(mongo) {\n    // Connect with the mongodb service\n}).catch(function(err) {\n    // Handle error\n});\n```\n\nThis will retrieve the mongo service with version `1.2`. If you just want to retrieve the latest version within a specific\nmajor version number, you can pass in an `x` as minor version.\n\n```javascript\n// Retrieve the latest mongo service\ndds.get(\'mongo\', \'1.x\').then(function(mongo) {\n    // Connect with the mongodb service\n}).catch(function(err) {\n    // Handle error\n});\n```\n\nIf `1.12` is the latest version within major version number `1`, it will retrieve the mongo service with version `1.12`.\n\n## CLI\n\n- [dds-cli](https://github.com/SamVerschueren/dynamo-discovery-service-cli)\n\n## Author\n\n- Sam Verschueren [<sam.verschueren@gmail.com>]\n\n## License\n\nMIT © Sam Verschueren\n',
23 silly publish   readmeFilename: 'README.md',
23 silly publish   gitHead: 'c084a89cb11ff1c334202e68a1a599d559d11aae',
23 silly publish   _id: 'gfg-nodejs-libary-service-discovery@0.1.0',
23 silly publish   _shasum: '7f3513b1ea74766e80d0c9a0b23b25e70b271452',
23 silly publish   _from: '.' }
24 info lifecycle gfg-nodejs-libary-service-discovery@0.1.0~prepublishOnly: gfg-nodejs-libary-service-discovery@0.1.0
25 silly lifecycle gfg-nodejs-libary-service-discovery@0.1.0~prepublishOnly: no script for prepublishOnly, continuing
26 verbose getPublishConfig undefined
27 silly mapToRegistry name gfg-nodejs-libary-service-discovery
28 silly mapToRegistry using default registry
29 silly mapToRegistry registry https://registry.npmjs.org/
30 silly mapToRegistry data Result {
30 silly mapToRegistry   raw: 'gfg-nodejs-libary-service-discovery',
30 silly mapToRegistry   scope: null,
30 silly mapToRegistry   escapedName: 'gfg-nodejs-libary-service-discovery',
30 silly mapToRegistry   name: 'gfg-nodejs-libary-service-discovery',
30 silly mapToRegistry   rawSpec: '',
30 silly mapToRegistry   spec: 'latest',
30 silly mapToRegistry   type: 'tag' }
31 silly mapToRegistry uri https://registry.npmjs.org/gfg-nodejs-libary-service-discovery
32 verbose publish registryBase https://registry.npmjs.org/
33 silly publish uploading /Users/nedved/.npm/gfg-nodejs-libary-service-discovery/0.1.0/package.tgz
34 verbose request uri https://registry.npmjs.org/gfg-nodejs-libary-service-discovery
35 verbose request sending authorization for write operation
36 info attempt registry request try #1 at 6:00:25 PM
37 verbose request using bearer token for auth
38 verbose request id 515efade4157d483
39 http request PUT https://registry.npmjs.org/gfg-nodejs-libary-service-discovery
40 http 403 https://registry.npmjs.org/gfg-nodejs-libary-service-discovery
41 verbose headers { 'content-type': 'application/json',
41 verbose headers   'cache-control': 'max-age=300',
41 verbose headers   'content-length': '95',
41 verbose headers   'accept-ranges': 'bytes',
41 verbose headers   date: 'Wed, 08 Mar 2017 10:00:26 GMT',
41 verbose headers   via: '1.1 varnish',
41 verbose headers   connection: 'keep-alive',
41 verbose headers   'x-served-by': 'cache-itm7421-ITM',
41 verbose headers   'x-cache': 'MISS',
41 verbose headers   'x-cache-hits': '0',
41 verbose headers   'x-timer': 'S1488967225.730792,VS0,VE622',
41 verbose headers   vary: 'Accept-Encoding' }
42 verbose request invalidating /Users/nedved/.npm/registry.npmjs.org/gfg-nodejs-libary-service-discovery on PUT
43 error publish Failed PUT 403
44 verbose stack Error: "You cannot publish over the previously published version 0.1.0." : gfg-nodejs-libary-service-discovery
44 verbose stack     at makeError (/usr/local/lib/node_modules/npm/node_modules/npm-registry-client/lib/request.js:304:12)
44 verbose stack     at CachingRegistryClient.<anonymous> (/usr/local/lib/node_modules/npm/node_modules/npm-registry-client/lib/request.js:292:14)
44 verbose stack     at Request._callback (/usr/local/lib/node_modules/npm/node_modules/npm-registry-client/lib/request.js:212:14)
44 verbose stack     at Request.self.callback (/usr/local/lib/node_modules/npm/node_modules/request/request.js:186:22)
44 verbose stack     at emitTwo (events.js:106:13)
44 verbose stack     at Request.emit (events.js:192:7)
44 verbose stack     at Request.<anonymous> (/usr/local/lib/node_modules/npm/node_modules/request/request.js:1081:10)
44 verbose stack     at emitOne (events.js:96:13)
44 verbose stack     at Request.emit (events.js:189:7)
44 verbose stack     at IncomingMessage.<anonymous> (/usr/local/lib/node_modules/npm/node_modules/request/request.js:1001:12)
45 verbose statusCode 403
46 verbose pkgid gfg-nodejs-libary-service-discovery
47 verbose cwd /Users/nedved/Desktop/GFG_ProjectCode/Github_Projects/gfg-nodejs-libary-service-discovery
48 error Darwin 16.4.0
49 error argv "/usr/local/Cellar/node/7.5.0/bin/node" "/usr/local/bin/npm" "publish"
50 error node v7.5.0
51 error npm  v4.1.2
52 error code E403
53 error "You cannot publish over the previously published version 0.1.0." : gfg-nodejs-libary-service-discovery
54 error If you need help, you may report this error at:
54 error     <https://github.com/npm/npm/issues>
55 verbose exit [ 1, true ]
